# JRE version: OpenJDK Runtime Environment Temurin-17.0.16+8 (17.0.16+8) (build 17.0.16+8)
# Java VM: OpenJDK 64-Bit Server VM Temurin-17.0.16+8 (17.0.16+8, mixed mode, sharing, tiered, compressed oops, compressed class ptrs, g1 gc, windows-amd64)
GC Precious Log:
 CPUs: 12 total, 12 available
 Memory: 16024M
 Large Page Support: Disabled
 NUMA Support: Disabled
 Compressed Oops: Enabled (32-bit)
 Heap Region Size: 1M
 Heap Min Capacity: 8M
 Heap Initial Capacity: 252M
 Heap Max Capacity: 2G
 Pre-touch: Disabled
 Parallel Workers: 10
 Concurrent Workers: 3
 Concurrent Refinement Workers: 10
 Periodic GC: Disabled
Heap:
 garbage-first heap   total 315392K, used 124391K [0x0000000080000000, 0x0000000100000000)
  region size 1024K, 84 young (86016K), 12 survivors (12288K)
 Metaspace       used 44759K, committed 45376K, reserved 491520K
  class space    used 6254K, committed 6528K, reserved 425984K
GC Heap History (20 events):
Event: 9.868 GC heap before
{Heap before GC invocations=35 (full 0):
 garbage-first heap   total 218112K, used 166637K [0x0000000080000000, 0x0000000100000000)
  region size 1024K, 127 young (130048K), 7 survivors (7168K)
 Metaspace       used 44741K, committed 45312K, reserved 491520K
  class space    used 6253K, committed 6528K, reserved 425984K
}
Event: 9.871 GC heap after
{Heap after GC invocations=36 (full 0):
 garbage-first heap   total 218112K, used 44424K [0x0000000080000000, 0x0000000100000000)
  region size 1024K, 8 young (8192K), 8 survivors (8192K)
 Metaspace       used 44741K, committed 45312K, reserved 491520K
  class space    used 6253K, committed 6528K, reserved 425984K
}
Event: 10.044 GC heap before
{Heap before GC invocations=36 (full 0):
 garbage-first heap   total 218112K, used 166280K [0x0000000080000000, 0x0000000100000000)
  region size 1024K, 127 young (130048K), 8 survivors (8192K)
 Metaspace       used 44743K, committed 45312K, reserved 491520K
  class space    used 6254K, committed 6528K, reserved 425984K
}
Event: 10.048 GC heap after
{Heap after GC invocations=37 (full 0):
 garbage-first heap   total 218112K, used 44944K [0x0000000080000000, 0x0000000100000000)
  region size 1024K, 8 young (8192K), 8 survivors (8192K)
 Metaspace       used 44743K, committed 45312K, reserved 491520K
  class space    used 6254K, committed 6528K, reserved 425984K
}
Event: 10.207 GC heap before
{Heap before GC invocations=37 (full 0):
 garbage-first heap   total 218112K, used 166800K [0x0000000080000000, 0x0000000100000000)
  region size 1024K, 127 young (130048K), 8 survivors (8192K)
 Metaspace       used 44744K, committed 45312K, reserved 491520K
  class space    used 6254K, committed 6528K, reserved 425984K
}
Event: 10.211 GC heap after
{Heap after GC invocations=38 (full 0):
 garbage-first heap   total 218112K, used 45972K [0x0000000080000000, 0x0000000100000000)
  region size 1024K, 8 young (8192K), 8 survivors (8192K)
 Metaspace       used 44744K, committed 45312K, reserved 491520K
  class space    used 6254K, committed 6528K, reserved 425984K
}
Event: 10.376 GC heap before
{Heap before GC invocations=38 (full 0):
 garbage-first heap   total 218112K, used 167828K [0x0000000080000000, 0x0000000100000000)
  region size 1024K, 127 young (130048K), 8 survivors (8192K)
 Metaspace       used 44748K, committed 45312K, reserved 491520K
  class space    used 6254K, committed 6528K, reserved 425984K
}
Event: 10.379 GC heap after
{Heap after GC invocations=39 (full 0):
 garbage-first heap   total 262144K, used 47012K [0x0000000080000000, 0x0000000100000000)
  region size 1024K, 9 young (9216K), 9 survivors (9216K)
 Metaspace       used 44748K, committed 45312K, reserved 491520K
  class space    used 6254K, committed 6528K, reserved 425984K
}
Event: 10.622 GC heap before
{Heap before GC invocations=39 (full 0):
 garbage-first heap   total 262144K, used 194468K [0x0000000080000000, 0x0000000100000000)
  region size 1024K, 153 young (156672K), 9 survivors (9216K)
 Metaspace       used 44751K, committed 45312K, reserved 491520K
  class space    used 6254K, committed 6528K, reserved 425984K
}
Event: 10.625 GC heap after
{Heap after GC invocations=40 (full 0):
 garbage-first heap   total 262144K, used 47986K [0x0000000080000000, 0x0000000100000000)
  region size 1024K, 10 young (10240K), 10 survivors (10240K)
 Metaspace       used 44751K, committed 45312K, reserved 491520K
  class space    used 6254K, committed 6528K, reserved 425984K
}
Event: 10.855 GC heap before
{Heap before GC invocations=40 (full 0):
 garbage-first heap   total 262144K, used 194418K [0x0000000080000000, 0x0000000100000000)
  region size 1024K, 153 young (156672K), 10 survivors (10240K)
 Metaspace       used 44754K, committed 45376K, reserved 491520K
  class space    used 6254K, committed 6528K, reserved 425984K
}
Event: 10.859 GC heap after
{Heap after GC invocations=41 (full 0):
 garbage-first heap   total 262144K, used 48784K [0x0000000080000000, 0x0000000100000000)
  region size 1024K, 10 young (10240K), 10 survivors (10240K)
 Metaspace       used 44754K, committed 45376K, reserved 491520K
  class space    used 6254K, committed 6528K, reserved 425984K
}
Event: 11.043 GC heap before
{Heap before GC invocations=41 (full 0):
 garbage-first heap   total 262144K, used 195216K [0x0000000080000000, 0x0000000100000000)
  region size 1024K, 153 young (156672K), 10 survivors (10240K)
 Metaspace       used 44754K, committed 45376K, reserved 491520K
  class space    used 6254K, committed 6528K, reserved 425984K
}
Event: 11.047 GC heap after
{Heap after GC invocations=42 (full 0):
 garbage-first heap   total 262144K, used 49554K [0x0000000080000000, 0x0000000100000000)
  region size 1024K, 10 young (10240K), 10 survivors (10240K)
 Metaspace       used 44754K, committed 45376K, reserved 491520K
  class space    used 6254K, committed 6528K, reserved 425984K
}
Event: 11.194 GC heap before
{Heap before GC invocations=42 (full 0):
 garbage-first heap   total 262144K, used 195986K [0x0000000080000000, 0x0000000100000000)
  region size 1024K, 153 young (156672K), 10 survivors (10240K)
 Metaspace       used 44756K, committed 45376K, reserved 491520K
  class space    used 6254K, committed 6528K, reserved 425984K
}
Event: 11.198 GC heap after
{Heap after GC invocations=43 (full 0):
 garbage-first heap   total 262144K, used 50577K [0x0000000080000000, 0x0000000100000000)
  region size 1024K, 11 young (11264K), 11 survivors (11264K)
 Metaspace       used 44756K, committed 45376K, reserved 491520K
  class space    used 6254K, committed 6528K, reserved 425984K
}
Event: 11.303 GC heap before
{Heap before GC invocations=43 (full 0):
 garbage-first heap   total 262144K, used 195985K [0x0000000080000000, 0x0000000100000000)
  region size 1024K, 153 young (156672K), 11 survivors (11264K)
 Metaspace       used 44756K, committed 45376K, reserved 491520K
  class space    used 6254K, committed 6528K, reserved 425984K
}
Event: 11.306 GC heap after
{Heap after GC invocations=44 (full 0):
 garbage-first heap   total 262144K, used 51362K [0x0000000080000000, 0x0000000100000000)
  region size 1024K, 11 young (11264K), 11 survivors (11264K)
 Metaspace       used 44756K, committed 45376K, reserved 491520K
  class space    used 6254K, committed 6528K, reserved 425984K
}
Event: 11.449 GC heap before
{Heap before GC invocations=44 (full 0):
 garbage-first heap   total 262144K, used 196770K [0x0000000080000000, 0x0000000100000000)
  region size 1024K, 153 young (156672K), 11 survivors (11264K)
 Metaspace       used 44759K, committed 45376K, reserved 491520K
  class space    used 6254K, committed 6528K, reserved 425984K
}
Event: 11.454 GC heap after
{Heap after GC invocations=45 (full 0):
 garbage-first heap   total 315392K, used 52711K [0x0000000080000000, 0x0000000100000000)
  region size 1024K, 12 young (12288K), 12 survivors (12288K)
 Metaspace       used 44759K, committed 45376K, reserved 491520K
  class space    used 6254K, committed 6528K, reserved 425984K
}

